The target system is: Android - 1 - aarch64
The host system is: Linux - 4.4.0-130-generic - x86_64
Determining if the C compiler works passed with the following output:
Change Dir: /home/zhouhao/juno_backup/DS5_workspace/DTSLRepackage/MemDump/CMakeFiles/CMakeTmp

Run Build Command:"/usr/local/bin/make" "cmTC_aae32/fast"
/usr/local/bin/make -f CMakeFiles/cmTC_aae32.dir/build.make CMakeFiles/cmTC_aae32.dir/build
make[1]: Entering directory `/home/zhouhao/juno_backup/DS5_workspace/DTSLRepackage/MemDump/CMakeFiles/CMakeTmp'
Building C object CMakeFiles/cmTC_aae32.dir/testCCompiler.c.o
/home/zhouhao/Android/android-ndk-r17b/toolchains/llvm/prebuilt/linux-x86_64/bin/clang --target=aarch64-none-linux-android --gcc-toolchain=/home/zhouhao/Android/android-ndk-r17b/toolchains/aarch64-linux-android-4.9/prebuilt/linux-x86_64 --sysroot=/home/zhouhao/Android/android-ndk-r17b/sysroot   -isystem /home/zhouhao/Android/android-ndk-r17b/sysroot/usr/include/aarch64-linux-android -D__ANDROID_API__=21 -g -DANDROID -ffunction-sections -funwind-tables -fstack-protector-strong -no-canonical-prefixes -Wa,--noexecstack -Wformat -Werror=format-security   -fPIE   -o CMakeFiles/cmTC_aae32.dir/testCCompiler.c.o   -c /home/zhouhao/juno_backup/DS5_workspace/DTSLRepackage/MemDump/CMakeFiles/CMakeTmp/testCCompiler.c
Linking C executable cmTC_aae32
/usr/local/bin/cmake -E cmake_link_script CMakeFiles/cmTC_aae32.dir/link.txt --verbose=1
/home/zhouhao/Android/android-ndk-r17b/toolchains/llvm/prebuilt/linux-x86_64/bin/clang --target=aarch64-none-linux-android --gcc-toolchain=/home/zhouhao/Android/android-ndk-r17b/toolchains/aarch64-linux-android-4.9/prebuilt/linux-x86_64 --sysroot=/home/zhouhao/Android/android-ndk-r17b/sysroot -isystem /home/zhouhao/Android/android-ndk-r17b/sysroot/usr/include/aarch64-linux-android -D__ANDROID_API__=21 -g -DANDROID -ffunction-sections -funwind-tables -fstack-protector-strong -no-canonical-prefixes -Wa,--noexecstack -Wformat -Werror=format-security    -Wl,--exclude-libs,libgcc.a -Wl,--exclude-libs,libatomic.a -nostdlib++ --sysroot /home/zhouhao/Android/android-ndk-r17b/platforms/android-21/arch-arm64 -Wl,--build-id -Wl,--warn-shared-textrel -Wl,--fatal-warnings -L/home/zhouhao/Android/android-ndk-r17b/sources/cxx-stl/llvm-libc++/libs/arm64-v8a -Wl,--no-undefined -Wl,-z,noexecstack -Qunused-arguments -Wl,-z,relro -Wl,-z,now -Wl,--gc-sections -Wl,-z,nocopyreloc -pie -fpie   CMakeFiles/cmTC_aae32.dir/testCCompiler.c.o  -o cmTC_aae32 -latomic -lm 
make[1]: Leaving directory `/home/zhouhao/juno_backup/DS5_workspace/DTSLRepackage/MemDump/CMakeFiles/CMakeTmp'


Detecting C compiler ABI info compiled with the following output:
Change Dir: /home/zhouhao/juno_backup/DS5_workspace/DTSLRepackage/MemDump/CMakeFiles/CMakeTmp

Run Build Command:"/usr/local/bin/make" "cmTC_3052b/fast"
/usr/local/bin/make -f CMakeFiles/cmTC_3052b.dir/build.make CMakeFiles/cmTC_3052b.dir/build
make[1]: Entering directory `/home/zhouhao/juno_backup/DS5_workspace/DTSLRepackage/MemDump/CMakeFiles/CMakeTmp'
Building C object CMakeFiles/cmTC_3052b.dir/CMakeCCompilerABI.c.o
/home/zhouhao/Android/android-ndk-r17b/toolchains/llvm/prebuilt/linux-x86_64/bin/clang --target=aarch64-none-linux-android --gcc-toolchain=/home/zhouhao/Android/android-ndk-r17b/toolchains/aarch64-linux-android-4.9/prebuilt/linux-x86_64 --sysroot=/home/zhouhao/Android/android-ndk-r17b/sysroot   -isystem /home/zhouhao/Android/android-ndk-r17b/sysroot/usr/include/aarch64-linux-android -D__ANDROID_API__=21 -g -DANDROID -ffunction-sections -funwind-tables -fstack-protector-strong -no-canonical-prefixes -Wa,--noexecstack -Wformat -Werror=format-security   -fPIE   -o CMakeFiles/cmTC_3052b.dir/CMakeCCompilerABI.c.o   -c /usr/local/share/cmake-3.10/Modules/CMakeCCompilerABI.c
Linking C executable cmTC_3052b
/usr/local/bin/cmake -E cmake_link_script CMakeFiles/cmTC_3052b.dir/link.txt --verbose=1
/home/zhouhao/Android/android-ndk-r17b/toolchains/llvm/prebuilt/linux-x86_64/bin/clang --target=aarch64-none-linux-android --gcc-toolchain=/home/zhouhao/Android/android-ndk-r17b/toolchains/aarch64-linux-android-4.9/prebuilt/linux-x86_64 --sysroot=/home/zhouhao/Android/android-ndk-r17b/sysroot -isystem /home/zhouhao/Android/android-ndk-r17b/sysroot/usr/include/aarch64-linux-android -D__ANDROID_API__=21 -g -DANDROID -ffunction-sections -funwind-tables -fstack-protector-strong -no-canonical-prefixes -Wa,--noexecstack -Wformat -Werror=format-security    -Wl,--exclude-libs,libgcc.a -Wl,--exclude-libs,libatomic.a -nostdlib++ --sysroot /home/zhouhao/Android/android-ndk-r17b/platforms/android-21/arch-arm64 -Wl,--build-id -Wl,--warn-shared-textrel -Wl,--fatal-warnings -L/home/zhouhao/Android/android-ndk-r17b/sources/cxx-stl/llvm-libc++/libs/arm64-v8a -Wl,--no-undefined -Wl,-z,noexecstack -Qunused-arguments -Wl,-z,relro -Wl,-z,now -Wl,--gc-sections -Wl,-z,nocopyreloc -pie -fpie  -v CMakeFiles/cmTC_3052b.dir/CMakeCCompilerABI.c.o  -o cmTC_3052b 
Android (4691093 based on r316199) clang version 6.0.2 (https://android.googlesource.com/toolchain/clang 183abd29fc496f55536e7d904e0abae47888fc7f) (https://android.googlesource.com/toolchain/llvm 34361f192e41ed6e4e8f9aca80a4ea7e9856f327) (based on LLVM 6.0.2svn)
Target: aarch64-none-linux-android
Thread model: posix
InstalledDir: /home/zhouhao/Android/android-ndk-r17b/toolchains/llvm/prebuilt/linux-x86_64/bin
Found candidate GCC installation: /home/zhouhao/Android/android-ndk-r17b/toolchains/aarch64-linux-android-4.9/prebuilt/linux-x86_64/lib/gcc/aarch64-linux-android/4.9.x
Selected GCC installation: /home/zhouhao/Android/android-ndk-r17b/toolchains/aarch64-linux-android-4.9/prebuilt/linux-x86_64/lib/gcc/aarch64-linux-android/4.9.x
Candidate multilib: .;@m64
Selected multilib: .;@m64
 "/home/zhouhao/Android/android-ndk-r17b/toolchains/aarch64-linux-android-4.9/prebuilt/linux-x86_64/lib/gcc/aarch64-linux-android/4.9.x/../../../../aarch64-linux-android/bin/ld" --sysroot=/home/zhouhao/Android/android-ndk-r17b/platforms/android-21/arch-arm64 -pie --fix-cortex-a53-843419 -z relro --eh-frame-hdr -m aarch64linux -dynamic-linker /system/bin/linker64 -o cmTC_3052b /home/zhouhao/Android/android-ndk-r17b/platforms/android-21/arch-arm64/usr/lib/crtbegin_dynamic.o -L/home/zhouhao/Android/android-ndk-r17b/sources/cxx-stl/llvm-libc++/libs/arm64-v8a -L/home/zhouhao/Android/android-ndk-r17b/toolchains/llvm/prebuilt/linux-x86_64/lib64/clang/6.0.2/lib/linux/aarch64 -L/home/zhouhao/Android/android-ndk-r17b/toolchains/aarch64-linux-android-4.9/prebuilt/linux-x86_64/lib/gcc/aarch64-linux-android/4.9.x -L/home/zhouhao/Android/android-ndk-r17b/toolchains/aarch64-linux-android-4.9/prebuilt/linux-x86_64/lib/gcc/aarch64-linux-android/4.9.x/../../../../aarch64-linux-android/lib/../lib64 -L/home/zhouhao/Android/android-ndk-r17b/toolchains/aarch64-linux-android-4.9/prebuilt/linux-x86_64/lib/gcc/aarch64-linux-android/4.9.x/../../../../aarch64-linux-android/lib -L/home/zhouhao/Android/android-ndk-r17b/platforms/android-21/arch-arm64/usr/lib --exclude-libs libgcc.a --exclude-libs libatomic.a --build-id --warn-shared-textrel --fatal-warnings --no-undefined -z noexecstack -z relro -z now --gc-sections -z nocopyreloc CMakeFiles/cmTC_3052b.dir/CMakeCCompilerABI.c.o -lgcc -ldl -lc -lgcc -ldl /home/zhouhao/Android/android-ndk-r17b/platforms/android-21/arch-arm64/usr/lib/crtend_android.o
make[1]: Leaving directory `/home/zhouhao/juno_backup/DS5_workspace/DTSLRepackage/MemDump/CMakeFiles/CMakeTmp'


Parsed C implicit link information from above output:
  link line regex: [^( *|.*[/\])(aarch64-linux-android-ld|CMAKE_LINK_STARTFILE-NOTFOUND|([^/\]+-)?ld|collect2)[^/\]*( |$)]
  ignore line: [Change Dir: /home/zhouhao/juno_backup/DS5_workspace/DTSLRepackage/MemDump/CMakeFiles/CMakeTmp]
  ignore line: []
  ignore line: [Run Build Command:"/usr/local/bin/make" "cmTC_3052b/fast"]
  ignore line: [/usr/local/bin/make -f CMakeFiles/cmTC_3052b.dir/build.make CMakeFiles/cmTC_3052b.dir/build]
  ignore line: [make[1]: Entering directory `/home/zhouhao/juno_backup/DS5_workspace/DTSLRepackage/MemDump/CMakeFiles/CMakeTmp']
  ignore line: [Building C object CMakeFiles/cmTC_3052b.dir/CMakeCCompilerABI.c.o]
  ignore line: [/home/zhouhao/Android/android-ndk-r17b/toolchains/llvm/prebuilt/linux-x86_64/bin/clang --target=aarch64-none-linux-android --gcc-toolchain=/home/zhouhao/Android/android-ndk-r17b/toolchains/aarch64-linux-android-4.9/prebuilt/linux-x86_64 --sysroot=/home/zhouhao/Android/android-ndk-r17b/sysroot   -isystem /home/zhouhao/Android/android-ndk-r17b/sysroot/usr/include/aarch64-linux-android -D__ANDROID_API__=21 -g -DANDROID -ffunction-sections -funwind-tables -fstack-protector-strong -no-canonical-prefixes -Wa,--noexecstack -Wformat -Werror=format-security   -fPIE   -o CMakeFiles/cmTC_3052b.dir/CMakeCCompilerABI.c.o   -c /usr/local/share/cmake-3.10/Modules/CMakeCCompilerABI.c]
  ignore line: [Linking C executable cmTC_3052b]
  ignore line: [/usr/local/bin/cmake -E cmake_link_script CMakeFiles/cmTC_3052b.dir/link.txt --verbose=1]
  ignore line: [/home/zhouhao/Android/android-ndk-r17b/toolchains/llvm/prebuilt/linux-x86_64/bin/clang --target=aarch64-none-linux-android --gcc-toolchain=/home/zhouhao/Android/android-ndk-r17b/toolchains/aarch64-linux-android-4.9/prebuilt/linux-x86_64 --sysroot=/home/zhouhao/Android/android-ndk-r17b/sysroot -isystem /home/zhouhao/Android/android-ndk-r17b/sysroot/usr/include/aarch64-linux-android -D__ANDROID_API__=21 -g -DANDROID -ffunction-sections -funwind-tables -fstack-protector-strong -no-canonical-prefixes -Wa,--noexecstack -Wformat -Werror=format-security    -Wl,--exclude-libs,libgcc.a -Wl,--exclude-libs,libatomic.a -nostdlib++ --sysroot /home/zhouhao/Android/android-ndk-r17b/platforms/android-21/arch-arm64 -Wl,--build-id -Wl,--warn-shared-textrel -Wl,--fatal-warnings -L/home/zhouhao/Android/android-ndk-r17b/sources/cxx-stl/llvm-libc++/libs/arm64-v8a -Wl,--no-undefined -Wl,-z,noexecstack -Qunused-arguments -Wl,-z,relro -Wl,-z,now -Wl,--gc-sections -Wl,-z,nocopyreloc -pie -fpie  -v CMakeFiles/cmTC_3052b.dir/CMakeCCompilerABI.c.o  -o cmTC_3052b ]
  ignore line: [Android (4691093 based on r316199) clang version 6.0.2 (https://android.googlesource.com/toolchain/clang 183abd29fc496f55536e7d904e0abae47888fc7f) (https://android.googlesource.com/toolchain/llvm 34361f192e41ed6e4e8f9aca80a4ea7e9856f327) (based on LLVM 6.0.2svn)]
  ignore line: [Target: aarch64-none-linux-android]
  ignore line: [Thread model: posix]
  ignore line: [InstalledDir: /home/zhouhao/Android/android-ndk-r17b/toolchains/llvm/prebuilt/linux-x86_64/bin]
  ignore line: [Found candidate GCC installation: /home/zhouhao/Android/android-ndk-r17b/toolchains/aarch64-linux-android-4.9/prebuilt/linux-x86_64/lib/gcc/aarch64-linux-android/4.9.x]
  ignore line: [Selected GCC installation: /home/zhouhao/Android/android-ndk-r17b/toolchains/aarch64-linux-android-4.9/prebuilt/linux-x86_64/lib/gcc/aarch64-linux-android/4.9.x]
  ignore line: [Candidate multilib: .]
  ignore line: [@m64]
  ignore line: [Selected multilib: .]
  ignore line: [@m64]
  link line: [ "/home/zhouhao/Android/android-ndk-r17b/toolchains/aarch64-linux-android-4.9/prebuilt/linux-x86_64/lib/gcc/aarch64-linux-android/4.9.x/../../../../aarch64-linux-android/bin/ld" --sysroot=/home/zhouhao/Android/android-ndk-r17b/platforms/android-21/arch-arm64 -pie --fix-cortex-a53-843419 -z relro --eh-frame-hdr -m aarch64linux -dynamic-linker /system/bin/linker64 -o cmTC_3052b /home/zhouhao/Android/android-ndk-r17b/platforms/android-21/arch-arm64/usr/lib/crtbegin_dynamic.o -L/home/zhouhao/Android/android-ndk-r17b/sources/cxx-stl/llvm-libc++/libs/arm64-v8a -L/home/zhouhao/Android/android-ndk-r17b/toolchains/llvm/prebuilt/linux-x86_64/lib64/clang/6.0.2/lib/linux/aarch64 -L/home/zhouhao/Android/android-ndk-r17b/toolchains/aarch64-linux-android-4.9/prebuilt/linux-x86_64/lib/gcc/aarch64-linux-android/4.9.x -L/home/zhouhao/Android/android-ndk-r17b/toolchains/aarch64-linux-android-4.9/prebuilt/linux-x86_64/lib/gcc/aarch64-linux-android/4.9.x/../../../../aarch64-linux-android/lib/../lib64 -L/home/zhouhao/Android/android-ndk-r17b/toolchains/aarch64-linux-android-4.9/prebuilt/linux-x86_64/lib/gcc/aarch64-linux-android/4.9.x/../../../../aarch64-linux-android/lib -L/home/zhouhao/Android/android-ndk-r17b/platforms/android-21/arch-arm64/usr/lib --exclude-libs libgcc.a --exclude-libs libatomic.a --build-id --warn-shared-textrel --fatal-warnings --no-undefined -z noexecstack -z relro -z now --gc-sections -z nocopyreloc CMakeFiles/cmTC_3052b.dir/CMakeCCompilerABI.c.o -lgcc -ldl -lc -lgcc -ldl /home/zhouhao/Android/android-ndk-r17b/platforms/android-21/arch-arm64/usr/lib/crtend_android.o]
    arg [/home/zhouhao/Android/android-ndk-r17b/toolchains/aarch64-linux-android-4.9/prebuilt/linux-x86_64/lib/gcc/aarch64-linux-android/4.9.x/../../../../aarch64-linux-android/bin/ld] ==> ignore
    arg [--sysroot=/home/zhouhao/Android/android-ndk-r17b/platforms/android-21/arch-arm64] ==> ignore
    arg [-pie] ==> ignore
    arg [--fix-cortex-a53-843419] ==> ignore
    arg [-zrelro] ==> ignore
    arg [--eh-frame-hdr] ==> ignore
    arg [-m] ==> ignore
    arg [aarch64linux] ==> ignore
    arg [-dynamic-linker] ==> ignore
    arg [/system/bin/linker64] ==> ignore
    arg [-o] ==> ignore
    arg [cmTC_3052b] ==> ignore
    arg [/home/zhouhao/Android/android-ndk-r17b/platforms/android-21/arch-arm64/usr/lib/crtbegin_dynamic.o] ==> ignore
    arg [-L/home/zhouhao/Android/android-ndk-r17b/sources/cxx-stl/llvm-libc++/libs/arm64-v8a] ==> dir [/home/zhouhao/Android/android-ndk-r17b/sources/cxx-stl/llvm-libc++/libs/arm64-v8a]
    arg [-L/home/zhouhao/Android/android-ndk-r17b/toolchains/llvm/prebuilt/linux-x86_64/lib64/clang/6.0.2/lib/linux/aarch64] ==> dir [/home/zhouhao/Android/android-ndk-r17b/toolchains/llvm/prebuilt/linux-x86_64/lib64/clang/6.0.2/lib/linux/aarch64]
    arg [-L/home/zhouhao/Android/android-ndk-r17b/toolchains/aarch64-linux-android-4.9/prebuilt/linux-x86_64/lib/gcc/aarch64-linux-android/4.9.x] ==> dir [/home/zhouhao/Android/android-ndk-r17b/toolchains/aarch64-linux-android-4.9/prebuilt/linux-x86_64/lib/gcc/aarch64-linux-android/4.9.x]
    arg [-L/home/zhouhao/Android/android-ndk-r17b/toolchains/aarch64-linux-android-4.9/prebuilt/linux-x86_64/lib/gcc/aarch64-linux-android/4.9.x/../../../../aarch64-linux-android/lib/../lib64] ==> dir [/home/zhouhao/Android/android-ndk-r17b/toolchains/aarch64-linux-android-4.9/prebuilt/linux-x86_64/lib/gcc/aarch64-linux-android/4.9.x/../../../../aarch64-linux-android/lib/../lib64]
    arg [-L/home/zhouhao/Android/android-ndk-r17b/toolchains/aarch64-linux-android-4.9/prebuilt/linux-x86_64/lib/gcc/aarch64-linux-android/4.9.x/../../../../aarch64-linux-android/lib] ==> dir [/home/zhouhao/Android/android-ndk-r17b/toolchains/aarch64-linux-android-4.9/prebuilt/linux-x86_64/lib/gcc/aarch64-linux-android/4.9.x/../../../../aarch64-linux-android/lib]
    arg [-L/home/zhouhao/Android/android-ndk-r17b/platforms/android-21/arch-arm64/usr/lib] ==> dir [/home/zhouhao/Android/android-ndk-r17b/platforms/android-21/arch-arm64/usr/lib]
    arg [--exclude-libs] ==> ignore
    arg [libgcc.a] ==> ignore
    arg [--exclude-libs] ==> ignore
    arg [libatomic.a] ==> ignore
    arg [--build-id] ==> ignore
    arg [--warn-shared-textrel] ==> ignore
    arg [--fatal-warnings] ==> ignore
    arg [--no-undefined] ==> ignore
    arg [-znoexecstack] ==> ignore
    arg [-zrelro] ==> ignore
    arg [-znow] ==> ignore
    arg [--gc-sections] ==> ignore
    arg [-znocopyreloc] ==> ignore
    arg [CMakeFiles/cmTC_3052b.dir/CMakeCCompilerABI.c.o] ==> ignore
    arg [-lgcc] ==> lib [gcc]
    arg [-ldl] ==> lib [dl]
    arg [-lc] ==> lib [c]
    arg [-lgcc] ==> lib [gcc]
    arg [-ldl] ==> lib [dl]
    arg [/home/zhouhao/Android/android-ndk-r17b/platforms/android-21/arch-arm64/usr/lib/crtend_android.o] ==> ignore
  collapse library dir [/home/zhouhao/Android/android-ndk-r17b/sources/cxx-stl/llvm-libc++/libs/arm64-v8a] ==> [/home/zhouhao/Android/android-ndk-r17b/sources/cxx-stl/llvm-libc++/libs/arm64-v8a]
  collapse library dir [/home/zhouhao/Android/android-ndk-r17b/toolchains/llvm/prebuilt/linux-x86_64/lib64/clang/6.0.2/lib/linux/aarch64] ==> [/home/zhouhao/Android/android-ndk-r17b/toolchains/llvm/prebuilt/linux-x86_64/lib64/clang/6.0.2/lib/linux/aarch64]
  collapse library dir [/home/zhouhao/Android/android-ndk-r17b/toolchains/aarch64-linux-android-4.9/prebuilt/linux-x86_64/lib/gcc/aarch64-linux-android/4.9.x] ==> [/home/zhouhao/Android/android-ndk-r17b/toolchains/aarch64-linux-android-4.9/prebuilt/linux-x86_64/lib/gcc/aarch64-linux-android/4.9.x]
  collapse library dir [/home/zhouhao/Android/android-ndk-r17b/toolchains/aarch64-linux-android-4.9/prebuilt/linux-x86_64/lib/gcc/aarch64-linux-android/4.9.x/../../../../aarch64-linux-android/lib/../lib64] ==> [/home/zhouhao/Android/android-ndk-r17b/toolchains/aarch64-linux-android-4.9/prebuilt/linux-x86_64/aarch64-linux-android/lib64]
  collapse library dir [/home/zhouhao/Android/android-ndk-r17b/toolchains/aarch64-linux-android-4.9/prebuilt/linux-x86_64/lib/gcc/aarch64-linux-android/4.9.x/../../../../aarch64-linux-android/lib] ==> [/home/zhouhao/Android/android-ndk-r17b/toolchains/aarch64-linux-android-4.9/prebuilt/linux-x86_64/aarch64-linux-android/lib]
  collapse library dir [/home/zhouhao/Android/android-ndk-r17b/platforms/android-21/arch-arm64/usr/lib] ==> [/home/zhouhao/Android/android-ndk-r17b/platforms/android-21/arch-arm64/usr/lib]
  implicit libs: [gcc;dl;c;gcc;dl]
  implicit dirs: [/home/zhouhao/Android/android-ndk-r17b/sources/cxx-stl/llvm-libc++/libs/arm64-v8a;/home/zhouhao/Android/android-ndk-r17b/toolchains/llvm/prebuilt/linux-x86_64/lib64/clang/6.0.2/lib/linux/aarch64;/home/zhouhao/Android/android-ndk-r17b/toolchains/aarch64-linux-android-4.9/prebuilt/linux-x86_64/lib/gcc/aarch64-linux-android/4.9.x;/home/zhouhao/Android/android-ndk-r17b/toolchains/aarch64-linux-android-4.9/prebuilt/linux-x86_64/aarch64-linux-android/lib64;/home/zhouhao/Android/android-ndk-r17b/toolchains/aarch64-linux-android-4.9/prebuilt/linux-x86_64/aarch64-linux-android/lib;/home/zhouhao/Android/android-ndk-r17b/platforms/android-21/arch-arm64/usr/lib]
  implicit fwks: []




Detecting C [-std=c11] compiler features compiled with the following output:
Change Dir: /home/zhouhao/juno_backup/DS5_workspace/DTSLRepackage/MemDump/CMakeFiles/CMakeTmp

Run Build Command:"/usr/local/bin/make" "cmTC_19851/fast"
/usr/local/bin/make -f CMakeFiles/cmTC_19851.dir/build.make CMakeFiles/cmTC_19851.dir/build
make[1]: Entering directory `/home/zhouhao/juno_backup/DS5_workspace/DTSLRepackage/MemDump/CMakeFiles/CMakeTmp'
Building C object CMakeFiles/cmTC_19851.dir/feature_tests.c.o
/home/zhouhao/Android/android-ndk-r17b/toolchains/llvm/prebuilt/linux-x86_64/bin/clang --target=aarch64-none-linux-android --gcc-toolchain=/home/zhouhao/Android/android-ndk-r17b/toolchains/aarch64-linux-android-4.9/prebuilt/linux-x86_64 --sysroot=/home/zhouhao/Android/android-ndk-r17b/sysroot   -isystem /home/zhouhao/Android/android-ndk-r17b/sysroot/usr/include/aarch64-linux-android -D__ANDROID_API__=21 -g -DANDROID -ffunction-sections -funwind-tables -fstack-protector-strong -no-canonical-prefixes -Wa,--noexecstack -Wformat -Werror=format-security   -fPIE   -std=c11 -o CMakeFiles/cmTC_19851.dir/feature_tests.c.o   -c /home/zhouhao/juno_backup/DS5_workspace/DTSLRepackage/MemDump/CMakeFiles/feature_tests.c
Linking C executable cmTC_19851
/usr/local/bin/cmake -E cmake_link_script CMakeFiles/cmTC_19851.dir/link.txt --verbose=1
/home/zhouhao/Android/android-ndk-r17b/toolchains/llvm/prebuilt/linux-x86_64/bin/clang --target=aarch64-none-linux-android --gcc-toolchain=/home/zhouhao/Android/android-ndk-r17b/toolchains/aarch64-linux-android-4.9/prebuilt/linux-x86_64 --sysroot=/home/zhouhao/Android/android-ndk-r17b/sysroot -isystem /home/zhouhao/Android/android-ndk-r17b/sysroot/usr/include/aarch64-linux-android -D__ANDROID_API__=21 -g -DANDROID -ffunction-sections -funwind-tables -fstack-protector-strong -no-canonical-prefixes -Wa,--noexecstack -Wformat -Werror=format-security    -Wl,--exclude-libs,libgcc.a -Wl,--exclude-libs,libatomic.a -nostdlib++ --sysroot /home/zhouhao/Android/android-ndk-r17b/platforms/android-21/arch-arm64 -Wl,--build-id -Wl,--warn-shared-textrel -Wl,--fatal-warnings -L/home/zhouhao/Android/android-ndk-r17b/sources/cxx-stl/llvm-libc++/libs/arm64-v8a -Wl,--no-undefined -Wl,-z,noexecstack -Qunused-arguments -Wl,-z,relro -Wl,-z,now -Wl,--gc-sections -Wl,-z,nocopyreloc -pie -fpie   CMakeFiles/cmTC_19851.dir/feature_tests.c.o  -o cmTC_19851 -latomic -lm 
make[1]: Leaving directory `/home/zhouhao/juno_backup/DS5_workspace/DTSLRepackage/MemDump/CMakeFiles/CMakeTmp'


    Feature record: C_FEATURE:1c_function_prototypes
    Feature record: C_FEATURE:1c_restrict
    Feature record: C_FEATURE:1c_static_assert
    Feature record: C_FEATURE:1c_variadic_macros


Detecting C [-std=c99] compiler features compiled with the following output:
Change Dir: /home/zhouhao/juno_backup/DS5_workspace/DTSLRepackage/MemDump/CMakeFiles/CMakeTmp

Run Build Command:"/usr/local/bin/make" "cmTC_971d7/fast"
/usr/local/bin/make -f CMakeFiles/cmTC_971d7.dir/build.make CMakeFiles/cmTC_971d7.dir/build
make[1]: Entering directory `/home/zhouhao/juno_backup/DS5_workspace/DTSLRepackage/MemDump/CMakeFiles/CMakeTmp'
Building C object CMakeFiles/cmTC_971d7.dir/feature_tests.c.o
/home/zhouhao/Android/android-ndk-r17b/toolchains/llvm/prebuilt/linux-x86_64/bin/clang --target=aarch64-none-linux-android --gcc-toolchain=/home/zhouhao/Android/android-ndk-r17b/toolchains/aarch64-linux-android-4.9/prebuilt/linux-x86_64 --sysroot=/home/zhouhao/Android/android-ndk-r17b/sysroot   -isystem /home/zhouhao/Android/android-ndk-r17b/sysroot/usr/include/aarch64-linux-android -D__ANDROID_API__=21 -g -DANDROID -ffunction-sections -funwind-tables -fstack-protector-strong -no-canonical-prefixes -Wa,--noexecstack -Wformat -Werror=format-security   -fPIE   -std=c99 -o CMakeFiles/cmTC_971d7.dir/feature_tests.c.o   -c /home/zhouhao/juno_backup/DS5_workspace/DTSLRepackage/MemDump/CMakeFiles/feature_tests.c
Linking C executable cmTC_971d7
/usr/local/bin/cmake -E cmake_link_script CMakeFiles/cmTC_971d7.dir/link.txt --verbose=1
/home/zhouhao/Android/android-ndk-r17b/toolchains/llvm/prebuilt/linux-x86_64/bin/clang --target=aarch64-none-linux-android --gcc-toolchain=/home/zhouhao/Android/android-ndk-r17b/toolchains/aarch64-linux-android-4.9/prebuilt/linux-x86_64 --sysroot=/home/zhouhao/Android/android-ndk-r17b/sysroot -isystem /home/zhouhao/Android/android-ndk-r17b/sysroot/usr/include/aarch64-linux-android -D__ANDROID_API__=21 -g -DANDROID -ffunction-sections -funwind-tables -fstack-protector-strong -no-canonical-prefixes -Wa,--noexecstack -Wformat -Werror=format-security    -Wl,--exclude-libs,libgcc.a -Wl,--exclude-libs,libatomic.a -nostdlib++ --sysroot /home/zhouhao/Android/android-ndk-r17b/platforms/android-21/arch-arm64 -Wl,--build-id -Wl,--warn-shared-textrel -Wl,--fatal-warnings -L/home/zhouhao/Android/android-ndk-r17b/sources/cxx-stl/llvm-libc++/libs/arm64-v8a -Wl,--no-undefined -Wl,-z,noexecstack -Qunused-arguments -Wl,-z,relro -Wl,-z,now -Wl,--gc-sections -Wl,-z,nocopyreloc -pie -fpie   CMakeFiles/cmTC_971d7.dir/feature_tests.c.o  -o cmTC_971d7 -latomic -lm 
make[1]: Leaving directory `/home/zhouhao/juno_backup/DS5_workspace/DTSLRepackage/MemDump/CMakeFiles/CMakeTmp'


    Feature record: C_FEATURE:1c_function_prototypes
    Feature record: C_FEATURE:1c_restrict
    Feature record: C_FEATURE:0c_static_assert
    Feature record: C_FEATURE:1c_variadic_macros


Detecting C [-std=c90] compiler features compiled with the following output:
Change Dir: /home/zhouhao/juno_backup/DS5_workspace/DTSLRepackage/MemDump/CMakeFiles/CMakeTmp

Run Build Command:"/usr/local/bin/make" "cmTC_6694d/fast"
/usr/local/bin/make -f CMakeFiles/cmTC_6694d.dir/build.make CMakeFiles/cmTC_6694d.dir/build
make[1]: Entering directory `/home/zhouhao/juno_backup/DS5_workspace/DTSLRepackage/MemDump/CMakeFiles/CMakeTmp'
Building C object CMakeFiles/cmTC_6694d.dir/feature_tests.c.o
/home/zhouhao/Android/android-ndk-r17b/toolchains/llvm/prebuilt/linux-x86_64/bin/clang --target=aarch64-none-linux-android --gcc-toolchain=/home/zhouhao/Android/android-ndk-r17b/toolchains/aarch64-linux-android-4.9/prebuilt/linux-x86_64 --sysroot=/home/zhouhao/Android/android-ndk-r17b/sysroot   -isystem /home/zhouhao/Android/android-ndk-r17b/sysroot/usr/include/aarch64-linux-android -D__ANDROID_API__=21 -g -DANDROID -ffunction-sections -funwind-tables -fstack-protector-strong -no-canonical-prefixes -Wa,--noexecstack -Wformat -Werror=format-security   -fPIE   -std=c90 -o CMakeFiles/cmTC_6694d.dir/feature_tests.c.o   -c /home/zhouhao/juno_backup/DS5_workspace/DTSLRepackage/MemDump/CMakeFiles/feature_tests.c
Linking C executable cmTC_6694d
/usr/local/bin/cmake -E cmake_link_script CMakeFiles/cmTC_6694d.dir/link.txt --verbose=1
/home/zhouhao/Android/android-ndk-r17b/toolchains/llvm/prebuilt/linux-x86_64/bin/clang --target=aarch64-none-linux-android --gcc-toolchain=/home/zhouhao/Android/android-ndk-r17b/toolchains/aarch64-linux-android-4.9/prebuilt/linux-x86_64 --sysroot=/home/zhouhao/Android/android-ndk-r17b/sysroot -isystem /home/zhouhao/Android/android-ndk-r17b/sysroot/usr/include/aarch64-linux-android -D__ANDROID_API__=21 -g -DANDROID -ffunction-sections -funwind-tables -fstack-protector-strong -no-canonical-prefixes -Wa,--noexecstack -Wformat -Werror=format-security    -Wl,--exclude-libs,libgcc.a -Wl,--exclude-libs,libatomic.a -nostdlib++ --sysroot /home/zhouhao/Android/android-ndk-r17b/platforms/android-21/arch-arm64 -Wl,--build-id -Wl,--warn-shared-textrel -Wl,--fatal-warnings -L/home/zhouhao/Android/android-ndk-r17b/sources/cxx-stl/llvm-libc++/libs/arm64-v8a -Wl,--no-undefined -Wl,-z,noexecstack -Qunused-arguments -Wl,-z,relro -Wl,-z,now -Wl,--gc-sections -Wl,-z,nocopyreloc -pie -fpie   CMakeFiles/cmTC_6694d.dir/feature_tests.c.o  -o cmTC_6694d -latomic -lm 
make[1]: Leaving directory `/home/zhouhao/juno_backup/DS5_workspace/DTSLRepackage/MemDump/CMakeFiles/CMakeTmp'


    Feature record: C_FEATURE:1c_function_prototypes
    Feature record: C_FEATURE:0c_restrict
    Feature record: C_FEATURE:0c_static_assert
    Feature record: C_FEATURE:0c_variadic_macros
Determining if the CXX compiler works passed with the following output:
Change Dir: /home/zhouhao/juno_backup/DS5_workspace/DTSLRepackage/MemDump/CMakeFiles/CMakeTmp

Run Build Command:"/usr/local/bin/make" "cmTC_8e346/fast"
/usr/local/bin/make -f CMakeFiles/cmTC_8e346.dir/build.make CMakeFiles/cmTC_8e346.dir/build
make[1]: Entering directory `/home/zhouhao/juno_backup/DS5_workspace/DTSLRepackage/MemDump/CMakeFiles/CMakeTmp'
Building CXX object CMakeFiles/cmTC_8e346.dir/testCXXCompiler.cxx.o
/home/zhouhao/Android/android-ndk-r17b/toolchains/llvm/prebuilt/linux-x86_64/bin/clang++ --target=aarch64-none-linux-android --gcc-toolchain=/home/zhouhao/Android/android-ndk-r17b/toolchains/aarch64-linux-android-4.9/prebuilt/linux-x86_64 --sysroot=/home/zhouhao/Android/android-ndk-r17b/sysroot   -isystem /home/zhouhao/Android/android-ndk-r17b/sources/cxx-stl/llvm-libc++/include -isystem /home/zhouhao/Android/android-ndk-r17b/sources/android/support/include -isystem /home/zhouhao/Android/android-ndk-r17b/sources/cxx-stl/llvm-libc++abi/include  -isystem /home/zhouhao/Android/android-ndk-r17b/sysroot/usr/include/aarch64-linux-android -D__ANDROID_API__=21 -g -DANDROID -ffunction-sections -funwind-tables -fstack-protector-strong -no-canonical-prefixes -Wa,--noexecstack -Wformat -Werror=format-security -std=c++11   -fPIE   -o CMakeFiles/cmTC_8e346.dir/testCXXCompiler.cxx.o -c /home/zhouhao/juno_backup/DS5_workspace/DTSLRepackage/MemDump/CMakeFiles/CMakeTmp/testCXXCompiler.cxx
Linking CXX executable cmTC_8e346
/usr/local/bin/cmake -E cmake_link_script CMakeFiles/cmTC_8e346.dir/link.txt --verbose=1
/home/zhouhao/Android/android-ndk-r17b/toolchains/llvm/prebuilt/linux-x86_64/bin/clang++ --target=aarch64-none-linux-android --gcc-toolchain=/home/zhouhao/Android/android-ndk-r17b/toolchains/aarch64-linux-android-4.9/prebuilt/linux-x86_64 --sysroot=/home/zhouhao/Android/android-ndk-r17b/sysroot  -isystem /home/zhouhao/Android/android-ndk-r17b/sysroot/usr/include/aarch64-linux-android -D__ANDROID_API__=21 -g -DANDROID -ffunction-sections -funwind-tables -fstack-protector-strong -no-canonical-prefixes -Wa,--noexecstack -Wformat -Werror=format-security -std=c++11    -Wl,--exclude-libs,libgcc.a -Wl,--exclude-libs,libatomic.a -nostdlib++ --sysroot /home/zhouhao/Android/android-ndk-r17b/platforms/android-21/arch-arm64 -Wl,--build-id -Wl,--warn-shared-textrel -Wl,--fatal-warnings -L/home/zhouhao/Android/android-ndk-r17b/sources/cxx-stl/llvm-libc++/libs/arm64-v8a -Wl,--no-undefined -Wl,-z,noexecstack -Qunused-arguments -Wl,-z,relro -Wl,-z,now -Wl,--gc-sections -Wl,-z,nocopyreloc -pie -fpie   CMakeFiles/cmTC_8e346.dir/testCXXCompiler.cxx.o  -o cmTC_8e346 -latomic -lm "/home/zhouhao/Android/android-ndk-r17b/sources/cxx-stl/llvm-libc++/libs/arm64-v8a/libc++_static.a" "/home/zhouhao/Android/android-ndk-r17b/sources/cxx-stl/llvm-libc++/libs/arm64-v8a/libc++abi.a" 
make[1]: Leaving directory `/home/zhouhao/juno_backup/DS5_workspace/DTSLRepackage/MemDump/CMakeFiles/CMakeTmp'


Detecting CXX compiler ABI info compiled with the following output:
Change Dir: /home/zhouhao/juno_backup/DS5_workspace/DTSLRepackage/MemDump/CMakeFiles/CMakeTmp

Run Build Command:"/usr/local/bin/make" "cmTC_84e64/fast"
/usr/local/bin/make -f CMakeFiles/cmTC_84e64.dir/build.make CMakeFiles/cmTC_84e64.dir/build
make[1]: Entering directory `/home/zhouhao/juno_backup/DS5_workspace/DTSLRepackage/MemDump/CMakeFiles/CMakeTmp'
Building CXX object CMakeFiles/cmTC_84e64.dir/CMakeCXXCompilerABI.cpp.o
/home/zhouhao/Android/android-ndk-r17b/toolchains/llvm/prebuilt/linux-x86_64/bin/clang++ --target=aarch64-none-linux-android --gcc-toolchain=/home/zhouhao/Android/android-ndk-r17b/toolchains/aarch64-linux-android-4.9/prebuilt/linux-x86_64 --sysroot=/home/zhouhao/Android/android-ndk-r17b/sysroot   -isystem /home/zhouhao/Android/android-ndk-r17b/sources/cxx-stl/llvm-libc++/include -isystem /home/zhouhao/Android/android-ndk-r17b/sources/android/support/include -isystem /home/zhouhao/Android/android-ndk-r17b/sources/cxx-stl/llvm-libc++abi/include  -isystem /home/zhouhao/Android/android-ndk-r17b/sysroot/usr/include/aarch64-linux-android -D__ANDROID_API__=21 -g -DANDROID -ffunction-sections -funwind-tables -fstack-protector-strong -no-canonical-prefixes -Wa,--noexecstack -Wformat -Werror=format-security -std=c++11   -fPIE   -o CMakeFiles/cmTC_84e64.dir/CMakeCXXCompilerABI.cpp.o -c /usr/local/share/cmake-3.10/Modules/CMakeCXXCompilerABI.cpp
Linking CXX executable cmTC_84e64
/usr/local/bin/cmake -E cmake_link_script CMakeFiles/cmTC_84e64.dir/link.txt --verbose=1
/home/zhouhao/Android/android-ndk-r17b/toolchains/llvm/prebuilt/linux-x86_64/bin/clang++ --target=aarch64-none-linux-android --gcc-toolchain=/home/zhouhao/Android/android-ndk-r17b/toolchains/aarch64-linux-android-4.9/prebuilt/linux-x86_64 --sysroot=/home/zhouhao/Android/android-ndk-r17b/sysroot  -isystem /home/zhouhao/Android/android-ndk-r17b/sysroot/usr/include/aarch64-linux-android -D__ANDROID_API__=21 -g -DANDROID -ffunction-sections -funwind-tables -fstack-protector-strong -no-canonical-prefixes -Wa,--noexecstack -Wformat -Werror=format-security -std=c++11    -Wl,--exclude-libs,libgcc.a -Wl,--exclude-libs,libatomic.a -nostdlib++ --sysroot /home/zhouhao/Android/android-ndk-r17b/platforms/android-21/arch-arm64 -Wl,--build-id -Wl,--warn-shared-textrel -Wl,--fatal-warnings -L/home/zhouhao/Android/android-ndk-r17b/sources/cxx-stl/llvm-libc++/libs/arm64-v8a -Wl,--no-undefined -Wl,-z,noexecstack -Qunused-arguments -Wl,-z,relro -Wl,-z,now -Wl,--gc-sections -Wl,-z,nocopyreloc -pie -fpie  -v CMakeFiles/cmTC_84e64.dir/CMakeCXXCompilerABI.cpp.o  -o cmTC_84e64 
Android (4691093 based on r316199) clang version 6.0.2 (https://android.googlesource.com/toolchain/clang 183abd29fc496f55536e7d904e0abae47888fc7f) (https://android.googlesource.com/toolchain/llvm 34361f192e41ed6e4e8f9aca80a4ea7e9856f327) (based on LLVM 6.0.2svn)
Target: aarch64-none-linux-android
Thread model: posix
InstalledDir: /home/zhouhao/Android/android-ndk-r17b/toolchains/llvm/prebuilt/linux-x86_64/bin
Found candidate GCC installation: /home/zhouhao/Android/android-ndk-r17b/toolchains/aarch64-linux-android-4.9/prebuilt/linux-x86_64/lib/gcc/aarch64-linux-android/4.9.x
Selected GCC installation: /home/zhouhao/Android/android-ndk-r17b/toolchains/aarch64-linux-android-4.9/prebuilt/linux-x86_64/lib/gcc/aarch64-linux-android/4.9.x
Candidate multilib: .;@m64
Selected multilib: .;@m64
 "/home/zhouhao/Android/android-ndk-r17b/toolchains/aarch64-linux-android-4.9/prebuilt/linux-x86_64/lib/gcc/aarch64-linux-android/4.9.x/../../../../aarch64-linux-android/bin/ld" --sysroot=/home/zhouhao/Android/android-ndk-r17b/platforms/android-21/arch-arm64 -pie --fix-cortex-a53-843419 -z relro --eh-frame-hdr -m aarch64linux -dynamic-linker /system/bin/linker64 -o cmTC_84e64 /home/zhouhao/Android/android-ndk-r17b/platforms/android-21/arch-arm64/usr/lib/crtbegin_dynamic.o -L/home/zhouhao/Android/android-ndk-r17b/sources/cxx-stl/llvm-libc++/libs/arm64-v8a -L/home/zhouhao/Android/android-ndk-r17b/toolchains/llvm/prebuilt/linux-x86_64/lib64/clang/6.0.2/lib/linux/aarch64 -L/home/zhouhao/Android/android-ndk-r17b/toolchains/aarch64-linux-android-4.9/prebuilt/linux-x86_64/lib/gcc/aarch64-linux-android/4.9.x -L/home/zhouhao/Android/android-ndk-r17b/toolchains/aarch64-linux-android-4.9/prebuilt/linux-x86_64/lib/gcc/aarch64-linux-android/4.9.x/../../../../aarch64-linux-android/lib/../lib64 -L/home/zhouhao/Android/android-ndk-r17b/toolchains/aarch64-linux-android-4.9/prebuilt/linux-x86_64/lib/gcc/aarch64-linux-android/4.9.x/../../../../aarch64-linux-android/lib -L/home/zhouhao/Android/android-ndk-r17b/platforms/android-21/arch-arm64/usr/lib --exclude-libs libgcc.a --exclude-libs libatomic.a --build-id --warn-shared-textrel --fatal-warnings --no-undefined -z noexecstack -z relro -z now --gc-sections -z nocopyreloc CMakeFiles/cmTC_84e64.dir/CMakeCXXCompilerABI.cpp.o -lm -lgcc -lgcc -ldl -lc -lgcc -lgcc -ldl /home/zhouhao/Android/android-ndk-r17b/platforms/android-21/arch-arm64/usr/lib/crtend_android.o
make[1]: Leaving directory `/home/zhouhao/juno_backup/DS5_workspace/DTSLRepackage/MemDump/CMakeFiles/CMakeTmp'


Parsed CXX implicit link information from above output:
  link line regex: [^( *|.*[/\])(aarch64-linux-android-ld|CMAKE_LINK_STARTFILE-NOTFOUND|([^/\]+-)?ld|collect2)[^/\]*( |$)]
  ignore line: [Change Dir: /home/zhouhao/juno_backup/DS5_workspace/DTSLRepackage/MemDump/CMakeFiles/CMakeTmp]
  ignore line: []
  ignore line: [Run Build Command:"/usr/local/bin/make" "cmTC_84e64/fast"]
  ignore line: [/usr/local/bin/make -f CMakeFiles/cmTC_84e64.dir/build.make CMakeFiles/cmTC_84e64.dir/build]
  ignore line: [make[1]: Entering directory `/home/zhouhao/juno_backup/DS5_workspace/DTSLRepackage/MemDump/CMakeFiles/CMakeTmp']
  ignore line: [Building CXX object CMakeFiles/cmTC_84e64.dir/CMakeCXXCompilerABI.cpp.o]
  ignore line: [/home/zhouhao/Android/android-ndk-r17b/toolchains/llvm/prebuilt/linux-x86_64/bin/clang++ --target=aarch64-none-linux-android --gcc-toolchain=/home/zhouhao/Android/android-ndk-r17b/toolchains/aarch64-linux-android-4.9/prebuilt/linux-x86_64 --sysroot=/home/zhouhao/Android/android-ndk-r17b/sysroot   -isystem /home/zhouhao/Android/android-ndk-r17b/sources/cxx-stl/llvm-libc++/include -isystem /home/zhouhao/Android/android-ndk-r17b/sources/android/support/include -isystem /home/zhouhao/Android/android-ndk-r17b/sources/cxx-stl/llvm-libc++abi/include  -isystem /home/zhouhao/Android/android-ndk-r17b/sysroot/usr/include/aarch64-linux-android -D__ANDROID_API__=21 -g -DANDROID -ffunction-sections -funwind-tables -fstack-protector-strong -no-canonical-prefixes -Wa,--noexecstack -Wformat -Werror=format-security -std=c++11   -fPIE   -o CMakeFiles/cmTC_84e64.dir/CMakeCXXCompilerABI.cpp.o -c /usr/local/share/cmake-3.10/Modules/CMakeCXXCompilerABI.cpp]
  ignore line: [Linking CXX executable cmTC_84e64]
  ignore line: [/usr/local/bin/cmake -E cmake_link_script CMakeFiles/cmTC_84e64.dir/link.txt --verbose=1]
  ignore line: [/home/zhouhao/Android/android-ndk-r17b/toolchains/llvm/prebuilt/linux-x86_64/bin/clang++ --target=aarch64-none-linux-android --gcc-toolchain=/home/zhouhao/Android/android-ndk-r17b/toolchains/aarch64-linux-android-4.9/prebuilt/linux-x86_64 --sysroot=/home/zhouhao/Android/android-ndk-r17b/sysroot  -isystem /home/zhouhao/Android/android-ndk-r17b/sysroot/usr/include/aarch64-linux-android -D__ANDROID_API__=21 -g -DANDROID -ffunction-sections -funwind-tables -fstack-protector-strong -no-canonical-prefixes -Wa,--noexecstack -Wformat -Werror=format-security -std=c++11    -Wl,--exclude-libs,libgcc.a -Wl,--exclude-libs,libatomic.a -nostdlib++ --sysroot /home/zhouhao/Android/android-ndk-r17b/platforms/android-21/arch-arm64 -Wl,--build-id -Wl,--warn-shared-textrel -Wl,--fatal-warnings -L/home/zhouhao/Android/android-ndk-r17b/sources/cxx-stl/llvm-libc++/libs/arm64-v8a -Wl,--no-undefined -Wl,-z,noexecstack -Qunused-arguments -Wl,-z,relro -Wl,-z,now -Wl,--gc-sections -Wl,-z,nocopyreloc -pie -fpie  -v CMakeFiles/cmTC_84e64.dir/CMakeCXXCompilerABI.cpp.o  -o cmTC_84e64 ]
  ignore line: [Android (4691093 based on r316199) clang version 6.0.2 (https://android.googlesource.com/toolchain/clang 183abd29fc496f55536e7d904e0abae47888fc7f) (https://android.googlesource.com/toolchain/llvm 34361f192e41ed6e4e8f9aca80a4ea7e9856f327) (based on LLVM 6.0.2svn)]
  ignore line: [Target: aarch64-none-linux-android]
  ignore line: [Thread model: posix]
  ignore line: [InstalledDir: /home/zhouhao/Android/android-ndk-r17b/toolchains/llvm/prebuilt/linux-x86_64/bin]
  ignore line: [Found candidate GCC installation: /home/zhouhao/Android/android-ndk-r17b/toolchains/aarch64-linux-android-4.9/prebuilt/linux-x86_64/lib/gcc/aarch64-linux-android/4.9.x]
  ignore line: [Selected GCC installation: /home/zhouhao/Android/android-ndk-r17b/toolchains/aarch64-linux-android-4.9/prebuilt/linux-x86_64/lib/gcc/aarch64-linux-android/4.9.x]
  ignore line: [Candidate multilib: .]
  ignore line: [@m64]
  ignore line: [Selected multilib: .]
  ignore line: [@m64]
  link line: [ "/home/zhouhao/Android/android-ndk-r17b/toolchains/aarch64-linux-android-4.9/prebuilt/linux-x86_64/lib/gcc/aarch64-linux-android/4.9.x/../../../../aarch64-linux-android/bin/ld" --sysroot=/home/zhouhao/Android/android-ndk-r17b/platforms/android-21/arch-arm64 -pie --fix-cortex-a53-843419 -z relro --eh-frame-hdr -m aarch64linux -dynamic-linker /system/bin/linker64 -o cmTC_84e64 /home/zhouhao/Android/android-ndk-r17b/platforms/android-21/arch-arm64/usr/lib/crtbegin_dynamic.o -L/home/zhouhao/Android/android-ndk-r17b/sources/cxx-stl/llvm-libc++/libs/arm64-v8a -L/home/zhouhao/Android/android-ndk-r17b/toolchains/llvm/prebuilt/linux-x86_64/lib64/clang/6.0.2/lib/linux/aarch64 -L/home/zhouhao/Android/android-ndk-r17b/toolchains/aarch64-linux-android-4.9/prebuilt/linux-x86_64/lib/gcc/aarch64-linux-android/4.9.x -L/home/zhouhao/Android/android-ndk-r17b/toolchains/aarch64-linux-android-4.9/prebuilt/linux-x86_64/lib/gcc/aarch64-linux-android/4.9.x/../../../../aarch64-linux-android/lib/../lib64 -L/home/zhouhao/Android/android-ndk-r17b/toolchains/aarch64-linux-android-4.9/prebuilt/linux-x86_64/lib/gcc/aarch64-linux-android/4.9.x/../../../../aarch64-linux-android/lib -L/home/zhouhao/Android/android-ndk-r17b/platforms/android-21/arch-arm64/usr/lib --exclude-libs libgcc.a --exclude-libs libatomic.a --build-id --warn-shared-textrel --fatal-warnings --no-undefined -z noexecstack -z relro -z now --gc-sections -z nocopyreloc CMakeFiles/cmTC_84e64.dir/CMakeCXXCompilerABI.cpp.o -lm -lgcc -lgcc -ldl -lc -lgcc -lgcc -ldl /home/zhouhao/Android/android-ndk-r17b/platforms/android-21/arch-arm64/usr/lib/crtend_android.o]
    arg [/home/zhouhao/Android/android-ndk-r17b/toolchains/aarch64-linux-android-4.9/prebuilt/linux-x86_64/lib/gcc/aarch64-linux-android/4.9.x/../../../../aarch64-linux-android/bin/ld] ==> ignore
    arg [--sysroot=/home/zhouhao/Android/android-ndk-r17b/platforms/android-21/arch-arm64] ==> ignore
    arg [-pie] ==> ignore
    arg [--fix-cortex-a53-843419] ==> ignore
    arg [-zrelro] ==> ignore
    arg [--eh-frame-hdr] ==> ignore
    arg [-m] ==> ignore
    arg [aarch64linux] ==> ignore
    arg [-dynamic-linker] ==> ignore
    arg [/system/bin/linker64] ==> ignore
    arg [-o] ==> ignore
    arg [cmTC_84e64] ==> ignore
    arg [/home/zhouhao/Android/android-ndk-r17b/platforms/android-21/arch-arm64/usr/lib/crtbegin_dynamic.o] ==> ignore
    arg [-L/home/zhouhao/Android/android-ndk-r17b/sources/cxx-stl/llvm-libc++/libs/arm64-v8a] ==> dir [/home/zhouhao/Android/android-ndk-r17b/sources/cxx-stl/llvm-libc++/libs/arm64-v8a]
    arg [-L/home/zhouhao/Android/android-ndk-r17b/toolchains/llvm/prebuilt/linux-x86_64/lib64/clang/6.0.2/lib/linux/aarch64] ==> dir [/home/zhouhao/Android/android-ndk-r17b/toolchains/llvm/prebuilt/linux-x86_64/lib64/clang/6.0.2/lib/linux/aarch64]
    arg [-L/home/zhouhao/Android/android-ndk-r17b/toolchains/aarch64-linux-android-4.9/prebuilt/linux-x86_64/lib/gcc/aarch64-linux-android/4.9.x] ==> dir [/home/zhouhao/Android/android-ndk-r17b/toolchains/aarch64-linux-android-4.9/prebuilt/linux-x86_64/lib/gcc/aarch64-linux-android/4.9.x]
    arg [-L/home/zhouhao/Android/android-ndk-r17b/toolchains/aarch64-linux-android-4.9/prebuilt/linux-x86_64/lib/gcc/aarch64-linux-android/4.9.x/../../../../aarch64-linux-android/lib/../lib64] ==> dir [/home/zhouhao/Android/android-ndk-r17b/toolchains/aarch64-linux-android-4.9/prebuilt/linux-x86_64/lib/gcc/aarch64-linux-android/4.9.x/../../../../aarch64-linux-android/lib/../lib64]
    arg [-L/home/zhouhao/Android/android-ndk-r17b/toolchains/aarch64-linux-android-4.9/prebuilt/linux-x86_64/lib/gcc/aarch64-linux-android/4.9.x/../../../../aarch64-linux-android/lib] ==> dir [/home/zhouhao/Android/android-ndk-r17b/toolchains/aarch64-linux-android-4.9/prebuilt/linux-x86_64/lib/gcc/aarch64-linux-android/4.9.x/../../../../aarch64-linux-android/lib]
    arg [-L/home/zhouhao/Android/android-ndk-r17b/platforms/android-21/arch-arm64/usr/lib] ==> dir [/home/zhouhao/Android/android-ndk-r17b/platforms/android-21/arch-arm64/usr/lib]
    arg [--exclude-libs] ==> ignore
    arg [libgcc.a] ==> ignore
    arg [--exclude-libs] ==> ignore
    arg [libatomic.a] ==> ignore
    arg [--build-id] ==> ignore
    arg [--warn-shared-textrel] ==> ignore
    arg [--fatal-warnings] ==> ignore
    arg [--no-undefined] ==> ignore
    arg [-znoexecstack] ==> ignore
    arg [-zrelro] ==> ignore
    arg [-znow] ==> ignore
    arg [--gc-sections] ==> ignore
    arg [-znocopyreloc] ==> ignore
    arg [CMakeFiles/cmTC_84e64.dir/CMakeCXXCompilerABI.cpp.o] ==> ignore
    arg [-lm] ==> lib [m]
    arg [-lgcc] ==> lib [gcc]
    arg [-lgcc] ==> lib [gcc]
    arg [-ldl] ==> lib [dl]
    arg [-lc] ==> lib [c]
    arg [-lgcc] ==> lib [gcc]
    arg [-lgcc] ==> lib [gcc]
    arg [-ldl] ==> lib [dl]
    arg [/home/zhouhao/Android/android-ndk-r17b/platforms/android-21/arch-arm64/usr/lib/crtend_android.o] ==> ignore
  collapse library dir [/home/zhouhao/Android/android-ndk-r17b/sources/cxx-stl/llvm-libc++/libs/arm64-v8a] ==> [/home/zhouhao/Android/android-ndk-r17b/sources/cxx-stl/llvm-libc++/libs/arm64-v8a]
  collapse library dir [/home/zhouhao/Android/android-ndk-r17b/toolchains/llvm/prebuilt/linux-x86_64/lib64/clang/6.0.2/lib/linux/aarch64] ==> [/home/zhouhao/Android/android-ndk-r17b/toolchains/llvm/prebuilt/linux-x86_64/lib64/clang/6.0.2/lib/linux/aarch64]
  collapse library dir [/home/zhouhao/Android/android-ndk-r17b/toolchains/aarch64-linux-android-4.9/prebuilt/linux-x86_64/lib/gcc/aarch64-linux-android/4.9.x] ==> [/home/zhouhao/Android/android-ndk-r17b/toolchains/aarch64-linux-android-4.9/prebuilt/linux-x86_64/lib/gcc/aarch64-linux-android/4.9.x]
  collapse library dir [/home/zhouhao/Android/android-ndk-r17b/toolchains/aarch64-linux-android-4.9/prebuilt/linux-x86_64/lib/gcc/aarch64-linux-android/4.9.x/../../../../aarch64-linux-android/lib/../lib64] ==> [/home/zhouhao/Android/android-ndk-r17b/toolchains/aarch64-linux-android-4.9/prebuilt/linux-x86_64/aarch64-linux-android/lib64]
  collapse library dir [/home/zhouhao/Android/android-ndk-r17b/toolchains/aarch64-linux-android-4.9/prebuilt/linux-x86_64/lib/gcc/aarch64-linux-android/4.9.x/../../../../aarch64-linux-android/lib] ==> [/home/zhouhao/Android/android-ndk-r17b/toolchains/aarch64-linux-android-4.9/prebuilt/linux-x86_64/aarch64-linux-android/lib]
  collapse library dir [/home/zhouhao/Android/android-ndk-r17b/platforms/android-21/arch-arm64/usr/lib] ==> [/home/zhouhao/Android/android-ndk-r17b/platforms/android-21/arch-arm64/usr/lib]
  implicit libs: [m;gcc;gcc;dl;c;gcc;gcc;dl]
  implicit dirs: [/home/zhouhao/Android/android-ndk-r17b/sources/cxx-stl/llvm-libc++/libs/arm64-v8a;/home/zhouhao/Android/android-ndk-r17b/toolchains/llvm/prebuilt/linux-x86_64/lib64/clang/6.0.2/lib/linux/aarch64;/home/zhouhao/Android/android-ndk-r17b/toolchains/aarch64-linux-android-4.9/prebuilt/linux-x86_64/lib/gcc/aarch64-linux-android/4.9.x;/home/zhouhao/Android/android-ndk-r17b/toolchains/aarch64-linux-android-4.9/prebuilt/linux-x86_64/aarch64-linux-android/lib64;/home/zhouhao/Android/android-ndk-r17b/toolchains/aarch64-linux-android-4.9/prebuilt/linux-x86_64/aarch64-linux-android/lib;/home/zhouhao/Android/android-ndk-r17b/platforms/android-21/arch-arm64/usr/lib]
  implicit fwks: []




Detecting CXX [-std=c++1z] compiler features compiled with the following output:
Change Dir: /home/zhouhao/juno_backup/DS5_workspace/DTSLRepackage/MemDump/CMakeFiles/CMakeTmp

Run Build Command:"/usr/local/bin/make" "cmTC_54e3f/fast"
/usr/local/bin/make -f CMakeFiles/cmTC_54e3f.dir/build.make CMakeFiles/cmTC_54e3f.dir/build
make[1]: Entering directory `/home/zhouhao/juno_backup/DS5_workspace/DTSLRepackage/MemDump/CMakeFiles/CMakeTmp'
Building CXX object CMakeFiles/cmTC_54e3f.dir/feature_tests.cxx.o
/home/zhouhao/Android/android-ndk-r17b/toolchains/llvm/prebuilt/linux-x86_64/bin/clang++ --target=aarch64-none-linux-android --gcc-toolchain=/home/zhouhao/Android/android-ndk-r17b/toolchains/aarch64-linux-android-4.9/prebuilt/linux-x86_64 --sysroot=/home/zhouhao/Android/android-ndk-r17b/sysroot   -isystem /home/zhouhao/Android/android-ndk-r17b/sources/cxx-stl/llvm-libc++/include -isystem /home/zhouhao/Android/android-ndk-r17b/sources/android/support/include -isystem /home/zhouhao/Android/android-ndk-r17b/sources/cxx-stl/llvm-libc++abi/include  -isystem /home/zhouhao/Android/android-ndk-r17b/sysroot/usr/include/aarch64-linux-android -D__ANDROID_API__=21 -g -DANDROID -ffunction-sections -funwind-tables -fstack-protector-strong -no-canonical-prefixes -Wa,--noexecstack -Wformat -Werror=format-security -std=c++11   -fPIE   -std=c++1z -o CMakeFiles/cmTC_54e3f.dir/feature_tests.cxx.o -c /home/zhouhao/juno_backup/DS5_workspace/DTSLRepackage/MemDump/CMakeFiles/feature_tests.cxx
Linking CXX executable cmTC_54e3f
/usr/local/bin/cmake -E cmake_link_script CMakeFiles/cmTC_54e3f.dir/link.txt --verbose=1
/home/zhouhao/Android/android-ndk-r17b/toolchains/llvm/prebuilt/linux-x86_64/bin/clang++ --target=aarch64-none-linux-android --gcc-toolchain=/home/zhouhao/Android/android-ndk-r17b/toolchains/aarch64-linux-android-4.9/prebuilt/linux-x86_64 --sysroot=/home/zhouhao/Android/android-ndk-r17b/sysroot  -isystem /home/zhouhao/Android/android-ndk-r17b/sysroot/usr/include/aarch64-linux-android -D__ANDROID_API__=21 -g -DANDROID -ffunction-sections -funwind-tables -fstack-protector-strong -no-canonical-prefixes -Wa,--noexecstack -Wformat -Werror=format-security -std=c++11    -Wl,--exclude-libs,libgcc.a -Wl,--exclude-libs,libatomic.a -nostdlib++ --sysroot /home/zhouhao/Android/android-ndk-r17b/platforms/android-21/arch-arm64 -Wl,--build-id -Wl,--warn-shared-textrel -Wl,--fatal-warnings -L/home/zhouhao/Android/android-ndk-r17b/sources/cxx-stl/llvm-libc++/libs/arm64-v8a -Wl,--no-undefined -Wl,-z,noexecstack -Qunused-arguments -Wl,-z,relro -Wl,-z,now -Wl,--gc-sections -Wl,-z,nocopyreloc -pie -fpie   CMakeFiles/cmTC_54e3f.dir/feature_tests.cxx.o  -o cmTC_54e3f -latomic -lm "/home/zhouhao/Android/android-ndk-r17b/sources/cxx-stl/llvm-libc++/libs/arm64-v8a/libc++_static.a" "/home/zhouhao/Android/android-ndk-r17b/sources/cxx-stl/llvm-libc++/libs/arm64-v8a/libc++abi.a" 
make[1]: Leaving directory `/home/zhouhao/juno_backup/DS5_workspace/DTSLRepackage/MemDump/CMakeFiles/CMakeTmp'


    Feature record: CXX_FEATURE:1cxx_aggregate_default_initializers
    Feature record: CXX_FEATURE:1cxx_alias_templates
    Feature record: CXX_FEATURE:1cxx_alignas
    Feature record: CXX_FEATURE:1cxx_alignof
    Feature record: CXX_FEATURE:1cxx_attributes
    Feature record: CXX_FEATURE:1cxx_attribute_deprecated
    Feature record: CXX_FEATURE:1cxx_auto_type
    Feature record: CXX_FEATURE:1cxx_binary_literals
    Feature record: CXX_FEATURE:1cxx_constexpr
    Feature record: CXX_FEATURE:1cxx_contextual_conversions
    Feature record: CXX_FEATURE:1cxx_decltype
    Feature record: CXX_FEATURE:1cxx_decltype_auto
    Feature record: CXX_FEATURE:1cxx_decltype_incomplete_return_types
    Feature record: CXX_FEATURE:1cxx_default_function_template_args
    Feature record: CXX_FEATURE:1cxx_defaulted_functions
    Feature record: CXX_FEATURE:1cxx_defaulted_move_initializers
    Feature record: CXX_FEATURE:1cxx_delegating_constructors
    Feature record: CXX_FEATURE:1cxx_deleted_functions
    Feature record: CXX_FEATURE:1cxx_digit_separators
    Feature record: CXX_FEATURE:1cxx_enum_forward_declarations
    Feature record: CXX_FEATURE:1cxx_explicit_conversions
    Feature record: CXX_FEATURE:1cxx_extended_friend_declarations
    Feature record: CXX_FEATURE:1cxx_extern_templates
    Feature record: CXX_FEATURE:1cxx_final
    Feature record: CXX_FEATURE:1cxx_func_identifier
    Feature record: CXX_FEATURE:1cxx_generalized_initializers
    Feature record: CXX_FEATURE:1cxx_generic_lambdas
    Feature record: CXX_FEATURE:1cxx_inheriting_constructors
    Feature record: CXX_FEATURE:1cxx_inline_namespaces
    Feature record: CXX_FEATURE:1cxx_lambdas
    Feature record: CXX_FEATURE:1cxx_lambda_init_captures
    Feature record: CXX_FEATURE:1cxx_local_type_template_args
    Feature record: CXX_FEATURE:1cxx_long_long_type
    Feature record: CXX_FEATURE:1cxx_noexcept
    Feature record: CXX_FEATURE:1cxx_nonstatic_member_init
    Feature record: CXX_FEATURE:1cxx_nullptr
    Feature record: CXX_FEATURE:1cxx_override
    Feature record: CXX_FEATURE:1cxx_range_for
    Feature record: CXX_FEATURE:1cxx_raw_string_literals
    Feature record: CXX_FEATURE:1cxx_reference_qualified_functions
    Feature record: CXX_FEATURE:1cxx_relaxed_constexpr
    Feature record: CXX_FEATURE:1cxx_return_type_deduction
    Feature record: CXX_FEATURE:1cxx_right_angle_brackets
    Feature record: CXX_FEATURE:1cxx_rvalue_references
    Feature record: CXX_FEATURE:1cxx_sizeof_member
    Feature record: CXX_FEATURE:1cxx_static_assert
    Feature record: CXX_FEATURE:1cxx_strong_enums
    Feature record: CXX_FEATURE:1cxx_template_template_parameters
    Feature record: CXX_FEATURE:1cxx_thread_local
    Feature record: CXX_FEATURE:1cxx_trailing_return_types
    Feature record: CXX_FEATURE:1cxx_unicode_literals
    Feature record: CXX_FEATURE:1cxx_uniform_initialization
    Feature record: CXX_FEATURE:1cxx_unrestricted_unions
    Feature record: CXX_FEATURE:1cxx_user_literals
    Feature record: CXX_FEATURE:1cxx_variable_templates
    Feature record: CXX_FEATURE:1cxx_variadic_macros
    Feature record: CXX_FEATURE:1cxx_variadic_templates


Detecting CXX [-std=c++14] compiler features compiled with the following output:
Change Dir: /home/zhouhao/juno_backup/DS5_workspace/DTSLRepackage/MemDump/CMakeFiles/CMakeTmp

Run Build Command:"/usr/local/bin/make" "cmTC_f42ff/fast"
/usr/local/bin/make -f CMakeFiles/cmTC_f42ff.dir/build.make CMakeFiles/cmTC_f42ff.dir/build
make[1]: Entering directory `/home/zhouhao/juno_backup/DS5_workspace/DTSLRepackage/MemDump/CMakeFiles/CMakeTmp'
Building CXX object CMakeFiles/cmTC_f42ff.dir/feature_tests.cxx.o
/home/zhouhao/Android/android-ndk-r17b/toolchains/llvm/prebuilt/linux-x86_64/bin/clang++ --target=aarch64-none-linux-android --gcc-toolchain=/home/zhouhao/Android/android-ndk-r17b/toolchains/aarch64-linux-android-4.9/prebuilt/linux-x86_64 --sysroot=/home/zhouhao/Android/android-ndk-r17b/sysroot   -isystem /home/zhouhao/Android/android-ndk-r17b/sources/cxx-stl/llvm-libc++/include -isystem /home/zhouhao/Android/android-ndk-r17b/sources/android/support/include -isystem /home/zhouhao/Android/android-ndk-r17b/sources/cxx-stl/llvm-libc++abi/include  -isystem /home/zhouhao/Android/android-ndk-r17b/sysroot/usr/include/aarch64-linux-android -D__ANDROID_API__=21 -g -DANDROID -ffunction-sections -funwind-tables -fstack-protector-strong -no-canonical-prefixes -Wa,--noexecstack -Wformat -Werror=format-security -std=c++11   -fPIE   -std=c++14 -o CMakeFiles/cmTC_f42ff.dir/feature_tests.cxx.o -c /home/zhouhao/juno_backup/DS5_workspace/DTSLRepackage/MemDump/CMakeFiles/feature_tests.cxx
Linking CXX executable cmTC_f42ff
/usr/local/bin/cmake -E cmake_link_script CMakeFiles/cmTC_f42ff.dir/link.txt --verbose=1
/home/zhouhao/Android/android-ndk-r17b/toolchains/llvm/prebuilt/linux-x86_64/bin/clang++ --target=aarch64-none-linux-android --gcc-toolchain=/home/zhouhao/Android/android-ndk-r17b/toolchains/aarch64-linux-android-4.9/prebuilt/linux-x86_64 --sysroot=/home/zhouhao/Android/android-ndk-r17b/sysroot  -isystem /home/zhouhao/Android/android-ndk-r17b/sysroot/usr/include/aarch64-linux-android -D__ANDROID_API__=21 -g -DANDROID -ffunction-sections -funwind-tables -fstack-protector-strong -no-canonical-prefixes -Wa,--noexecstack -Wformat -Werror=format-security -std=c++11    -Wl,--exclude-libs,libgcc.a -Wl,--exclude-libs,libatomic.a -nostdlib++ --sysroot /home/zhouhao/Android/android-ndk-r17b/platforms/android-21/arch-arm64 -Wl,--build-id -Wl,--warn-shared-textrel -Wl,--fatal-warnings -L/home/zhouhao/Android/android-ndk-r17b/sources/cxx-stl/llvm-libc++/libs/arm64-v8a -Wl,--no-undefined -Wl,-z,noexecstack -Qunused-arguments -Wl,-z,relro -Wl,-z,now -Wl,--gc-sections -Wl,-z,nocopyreloc -pie -fpie   CMakeFiles/cmTC_f42ff.dir/feature_tests.cxx.o  -o cmTC_f42ff -latomic -lm "/home/zhouhao/Android/android-ndk-r17b/sources/cxx-stl/llvm-libc++/libs/arm64-v8a/libc++_static.a" "/home/zhouhao/Android/android-ndk-r17b/sources/cxx-stl/llvm-libc++/libs/arm64-v8a/libc++abi.a" 
make[1]: Leaving directory `/home/zhouhao/juno_backup/DS5_workspace/DTSLRepackage/MemDump/CMakeFiles/CMakeTmp'


    Feature record: CXX_FEATURE:1cxx_aggregate_default_initializers
    Feature record: CXX_FEATURE:1cxx_alias_templates
    Feature record: CXX_FEATURE:1cxx_alignas
    Feature record: CXX_FEATURE:1cxx_alignof
    Feature record: CXX_FEATURE:1cxx_attributes
    Feature record: CXX_FEATURE:1cxx_attribute_deprecated
    Feature record: CXX_FEATURE:1cxx_auto_type
    Feature record: CXX_FEATURE:1cxx_binary_literals
    Feature record: CXX_FEATURE:1cxx_constexpr
    Feature record: CXX_FEATURE:1cxx_contextual_conversions
    Feature record: CXX_FEATURE:1cxx_decltype
    Feature record: CXX_FEATURE:1cxx_decltype_auto
    Feature record: CXX_FEATURE:1cxx_decltype_incomplete_return_types
    Feature record: CXX_FEATURE:1cxx_default_function_template_args
    Feature record: CXX_FEATURE:1cxx_defaulted_functions
    Feature record: CXX_FEATURE:1cxx_defaulted_move_initializers
    Feature record: CXX_FEATURE:1cxx_delegating_constructors
    Feature record: CXX_FEATURE:1cxx_deleted_functions
    Feature record: CXX_FEATURE:1cxx_digit_separators
    Feature record: CXX_FEATURE:1cxx_enum_forward_declarations
    Feature record: CXX_FEATURE:1cxx_explicit_conversions
    Feature record: CXX_FEATURE:1cxx_extended_friend_declarations
    Feature record: CXX_FEATURE:1cxx_extern_templates
    Feature record: CXX_FEATURE:1cxx_final
    Feature record: CXX_FEATURE:1cxx_func_identifier
    Feature record: CXX_FEATURE:1cxx_generalized_initializers
    Feature record: CXX_FEATURE:1cxx_generic_lambdas
    Feature record: CXX_FEATURE:1cxx_inheriting_constructors
    Feature record: CXX_FEATURE:1cxx_inline_namespaces
    Feature record: CXX_FEATURE:1cxx_lambdas
    Feature record: CXX_FEATURE:1cxx_lambda_init_captures
    Feature record: CXX_FEATURE:1cxx_local_type_template_args
    Feature record: CXX_FEATURE:1cxx_long_long_type
    Feature record: CXX_FEATURE:1cxx_noexcept
    Feature record: CXX_FEATURE:1cxx_nonstatic_member_init
    Feature record: CXX_FEATURE:1cxx_nullptr
    Feature record: CXX_FEATURE:1cxx_override
    Feature record: CXX_FEATURE:1cxx_range_for
    Feature record: CXX_FEATURE:1cxx_raw_string_literals
    Feature record: CXX_FEATURE:1cxx_reference_qualified_functions
    Feature record: CXX_FEATURE:1cxx_relaxed_constexpr
    Feature record: CXX_FEATURE:1cxx_return_type_deduction
    Feature record: CXX_FEATURE:1cxx_right_angle_brackets
    Feature record: CXX_FEATURE:1cxx_rvalue_references
    Feature record: CXX_FEATURE:1cxx_sizeof_member
    Feature record: CXX_FEATURE:1cxx_static_assert
    Feature record: CXX_FEATURE:1cxx_strong_enums
    Feature record: CXX_FEATURE:1cxx_template_template_parameters
    Feature record: CXX_FEATURE:1cxx_thread_local
    Feature record: CXX_FEATURE:1cxx_trailing_return_types
    Feature record: CXX_FEATURE:1cxx_unicode_literals
    Feature record: CXX_FEATURE:1cxx_uniform_initialization
    Feature record: CXX_FEATURE:1cxx_unrestricted_unions
    Feature record: CXX_FEATURE:1cxx_user_literals
    Feature record: CXX_FEATURE:1cxx_variable_templates
    Feature record: CXX_FEATURE:1cxx_variadic_macros
    Feature record: CXX_FEATURE:1cxx_variadic_templates


Detecting CXX [-std=c++11] compiler features compiled with the following output:
Change Dir: /home/zhouhao/juno_backup/DS5_workspace/DTSLRepackage/MemDump/CMakeFiles/CMakeTmp

Run Build Command:"/usr/local/bin/make" "cmTC_d287f/fast"
/usr/local/bin/make -f CMakeFiles/cmTC_d287f.dir/build.make CMakeFiles/cmTC_d287f.dir/build
make[1]: Entering directory `/home/zhouhao/juno_backup/DS5_workspace/DTSLRepackage/MemDump/CMakeFiles/CMakeTmp'
Building CXX object CMakeFiles/cmTC_d287f.dir/feature_tests.cxx.o
/home/zhouhao/Android/android-ndk-r17b/toolchains/llvm/prebuilt/linux-x86_64/bin/clang++ --target=aarch64-none-linux-android --gcc-toolchain=/home/zhouhao/Android/android-ndk-r17b/toolchains/aarch64-linux-android-4.9/prebuilt/linux-x86_64 --sysroot=/home/zhouhao/Android/android-ndk-r17b/sysroot   -isystem /home/zhouhao/Android/android-ndk-r17b/sources/cxx-stl/llvm-libc++/include -isystem /home/zhouhao/Android/android-ndk-r17b/sources/android/support/include -isystem /home/zhouhao/Android/android-ndk-r17b/sources/cxx-stl/llvm-libc++abi/include  -isystem /home/zhouhao/Android/android-ndk-r17b/sysroot/usr/include/aarch64-linux-android -D__ANDROID_API__=21 -g -DANDROID -ffunction-sections -funwind-tables -fstack-protector-strong -no-canonical-prefixes -Wa,--noexecstack -Wformat -Werror=format-security -std=c++11   -fPIE   -std=c++11 -o CMakeFiles/cmTC_d287f.dir/feature_tests.cxx.o -c /home/zhouhao/juno_backup/DS5_workspace/DTSLRepackage/MemDump/CMakeFiles/feature_tests.cxx
Linking CXX executable cmTC_d287f
/usr/local/bin/cmake -E cmake_link_script CMakeFiles/cmTC_d287f.dir/link.txt --verbose=1
/home/zhouhao/Android/android-ndk-r17b/toolchains/llvm/prebuilt/linux-x86_64/bin/clang++ --target=aarch64-none-linux-android --gcc-toolchain=/home/zhouhao/Android/android-ndk-r17b/toolchains/aarch64-linux-android-4.9/prebuilt/linux-x86_64 --sysroot=/home/zhouhao/Android/android-ndk-r17b/sysroot  -isystem /home/zhouhao/Android/android-ndk-r17b/sysroot/usr/include/aarch64-linux-android -D__ANDROID_API__=21 -g -DANDROID -ffunction-sections -funwind-tables -fstack-protector-strong -no-canonical-prefixes -Wa,--noexecstack -Wformat -Werror=format-security -std=c++11    -Wl,--exclude-libs,libgcc.a -Wl,--exclude-libs,libatomic.a -nostdlib++ --sysroot /home/zhouhao/Android/android-ndk-r17b/platforms/android-21/arch-arm64 -Wl,--build-id -Wl,--warn-shared-textrel -Wl,--fatal-warnings -L/home/zhouhao/Android/android-ndk-r17b/sources/cxx-stl/llvm-libc++/libs/arm64-v8a -Wl,--no-undefined -Wl,-z,noexecstack -Qunused-arguments -Wl,-z,relro -Wl,-z,now -Wl,--gc-sections -Wl,-z,nocopyreloc -pie -fpie   CMakeFiles/cmTC_d287f.dir/feature_tests.cxx.o  -o cmTC_d287f -latomic -lm "/home/zhouhao/Android/android-ndk-r17b/sources/cxx-stl/llvm-libc++/libs/arm64-v8a/libc++_static.a" "/home/zhouhao/Android/android-ndk-r17b/sources/cxx-stl/llvm-libc++/libs/arm64-v8a/libc++abi.a" 
make[1]: Leaving directory `/home/zhouhao/juno_backup/DS5_workspace/DTSLRepackage/MemDump/CMakeFiles/CMakeTmp'


    Feature record: CXX_FEATURE:0cxx_aggregate_default_initializers
    Feature record: CXX_FEATURE:1cxx_alias_templates
    Feature record: CXX_FEATURE:1cxx_alignas
    Feature record: CXX_FEATURE:1cxx_alignof
    Feature record: CXX_FEATURE:1cxx_attributes
    Feature record: CXX_FEATURE:0cxx_attribute_deprecated
    Feature record: CXX_FEATURE:1cxx_auto_type
    Feature record: CXX_FEATURE:0cxx_binary_literals
    Feature record: CXX_FEATURE:1cxx_constexpr
    Feature record: CXX_FEATURE:0cxx_contextual_conversions
    Feature record: CXX_FEATURE:1cxx_decltype
    Feature record: CXX_FEATURE:0cxx_decltype_auto
    Feature record: CXX_FEATURE:1cxx_decltype_incomplete_return_types
    Feature record: CXX_FEATURE:1cxx_default_function_template_args
    Feature record: CXX_FEATURE:1cxx_defaulted_functions
    Feature record: CXX_FEATURE:1cxx_defaulted_move_initializers
    Feature record: CXX_FEATURE:1cxx_delegating_constructors
    Feature record: CXX_FEATURE:1cxx_deleted_functions
    Feature record: CXX_FEATURE:0cxx_digit_separators
    Feature record: CXX_FEATURE:1cxx_enum_forward_declarations
    Feature record: CXX_FEATURE:1cxx_explicit_conversions
    Feature record: CXX_FEATURE:1cxx_extended_friend_declarations
    Feature record: CXX_FEATURE:1cxx_extern_templates
    Feature record: CXX_FEATURE:1cxx_final
    Feature record: CXX_FEATURE:1cxx_func_identifier
    Feature record: CXX_FEATURE:1cxx_generalized_initializers
    Feature record: CXX_FEATURE:0cxx_generic_lambdas
    Feature record: CXX_FEATURE:1cxx_inheriting_constructors
    Feature record: CXX_FEATURE:1cxx_inline_namespaces
    Feature record: CXX_FEATURE:1cxx_lambdas
    Feature record: CXX_FEATURE:0cxx_lambda_init_captures
    Feature record: CXX_FEATURE:1cxx_local_type_template_args
    Feature record: CXX_FEATURE:1cxx_long_long_type
    Feature record: CXX_FEATURE:1cxx_noexcept
    Feature record: CXX_FEATURE:1cxx_nonstatic_member_init
    Feature record: CXX_FEATURE:1cxx_nullptr
    Feature record: CXX_FEATURE:1cxx_override
    Feature record: CXX_FEATURE:1cxx_range_for
    Feature record: CXX_FEATURE:1cxx_raw_string_literals
    Feature record: CXX_FEATURE:1cxx_reference_qualified_functions
    Feature record: CXX_FEATURE:0cxx_relaxed_constexpr
    Feature record: CXX_FEATURE:0cxx_return_type_deduction
    Feature record: CXX_FEATURE:1cxx_right_angle_brackets
    Feature record: CXX_FEATURE:1cxx_rvalue_references
    Feature record: CXX_FEATURE:1cxx_sizeof_member
    Feature record: CXX_FEATURE:1cxx_static_assert
    Feature record: CXX_FEATURE:1cxx_strong_enums
    Feature record: CXX_FEATURE:1cxx_template_template_parameters
    Feature record: CXX_FEATURE:1cxx_thread_local
    Feature record: CXX_FEATURE:1cxx_trailing_return_types
    Feature record: CXX_FEATURE:1cxx_unicode_literals
    Feature record: CXX_FEATURE:1cxx_uniform_initialization
    Feature record: CXX_FEATURE:1cxx_unrestricted_unions
    Feature record: CXX_FEATURE:1cxx_user_literals
    Feature record: CXX_FEATURE:0cxx_variable_templates
    Feature record: CXX_FEATURE:1cxx_variadic_macros
    Feature record: CXX_FEATURE:1cxx_variadic_templates


Detecting CXX [-std=c++98] compiler features compiled with the following output:
Change Dir: /home/zhouhao/juno_backup/DS5_workspace/DTSLRepackage/MemDump/CMakeFiles/CMakeTmp

Run Build Command:"/usr/local/bin/make" "cmTC_459a1/fast"
/usr/local/bin/make -f CMakeFiles/cmTC_459a1.dir/build.make CMakeFiles/cmTC_459a1.dir/build
make[1]: Entering directory `/home/zhouhao/juno_backup/DS5_workspace/DTSLRepackage/MemDump/CMakeFiles/CMakeTmp'
Building CXX object CMakeFiles/cmTC_459a1.dir/feature_tests.cxx.o
/home/zhouhao/Android/android-ndk-r17b/toolchains/llvm/prebuilt/linux-x86_64/bin/clang++ --target=aarch64-none-linux-android --gcc-toolchain=/home/zhouhao/Android/android-ndk-r17b/toolchains/aarch64-linux-android-4.9/prebuilt/linux-x86_64 --sysroot=/home/zhouhao/Android/android-ndk-r17b/sysroot   -isystem /home/zhouhao/Android/android-ndk-r17b/sources/cxx-stl/llvm-libc++/include -isystem /home/zhouhao/Android/android-ndk-r17b/sources/android/support/include -isystem /home/zhouhao/Android/android-ndk-r17b/sources/cxx-stl/llvm-libc++abi/include  -isystem /home/zhouhao/Android/android-ndk-r17b/sysroot/usr/include/aarch64-linux-android -D__ANDROID_API__=21 -g -DANDROID -ffunction-sections -funwind-tables -fstack-protector-strong -no-canonical-prefixes -Wa,--noexecstack -Wformat -Werror=format-security -std=c++11   -fPIE   -std=c++98 -o CMakeFiles/cmTC_459a1.dir/feature_tests.cxx.o -c /home/zhouhao/juno_backup/DS5_workspace/DTSLRepackage/MemDump/CMakeFiles/feature_tests.cxx
Linking CXX executable cmTC_459a1
/usr/local/bin/cmake -E cmake_link_script CMakeFiles/cmTC_459a1.dir/link.txt --verbose=1
/home/zhouhao/Android/android-ndk-r17b/toolchains/llvm/prebuilt/linux-x86_64/bin/clang++ --target=aarch64-none-linux-android --gcc-toolchain=/home/zhouhao/Android/android-ndk-r17b/toolchains/aarch64-linux-android-4.9/prebuilt/linux-x86_64 --sysroot=/home/zhouhao/Android/android-ndk-r17b/sysroot  -isystem /home/zhouhao/Android/android-ndk-r17b/sysroot/usr/include/aarch64-linux-android -D__ANDROID_API__=21 -g -DANDROID -ffunction-sections -funwind-tables -fstack-protector-strong -no-canonical-prefixes -Wa,--noexecstack -Wformat -Werror=format-security -std=c++11    -Wl,--exclude-libs,libgcc.a -Wl,--exclude-libs,libatomic.a -nostdlib++ --sysroot /home/zhouhao/Android/android-ndk-r17b/platforms/android-21/arch-arm64 -Wl,--build-id -Wl,--warn-shared-textrel -Wl,--fatal-warnings -L/home/zhouhao/Android/android-ndk-r17b/sources/cxx-stl/llvm-libc++/libs/arm64-v8a -Wl,--no-undefined -Wl,-z,noexecstack -Qunused-arguments -Wl,-z,relro -Wl,-z,now -Wl,--gc-sections -Wl,-z,nocopyreloc -pie -fpie   CMakeFiles/cmTC_459a1.dir/feature_tests.cxx.o  -o cmTC_459a1 -latomic -lm "/home/zhouhao/Android/android-ndk-r17b/sources/cxx-stl/llvm-libc++/libs/arm64-v8a/libc++_static.a" "/home/zhouhao/Android/android-ndk-r17b/sources/cxx-stl/llvm-libc++/libs/arm64-v8a/libc++abi.a" 
make[1]: Leaving directory `/home/zhouhao/juno_backup/DS5_workspace/DTSLRepackage/MemDump/CMakeFiles/CMakeTmp'


    Feature record: CXX_FEATURE:0cxx_aggregate_default_initializers
    Feature record: CXX_FEATURE:0cxx_alias_templates
    Feature record: CXX_FEATURE:0cxx_alignas
    Feature record: CXX_FEATURE:0cxx_alignof
    Feature record: CXX_FEATURE:0cxx_attributes
    Feature record: CXX_FEATURE:0cxx_attribute_deprecated
    Feature record: CXX_FEATURE:0cxx_auto_type
    Feature record: CXX_FEATURE:0cxx_binary_literals
    Feature record: CXX_FEATURE:0cxx_constexpr
    Feature record: CXX_FEATURE:0cxx_contextual_conversions
    Feature record: CXX_FEATURE:0cxx_decltype
    Feature record: CXX_FEATURE:0cxx_decltype_auto
    Feature record: CXX_FEATURE:0cxx_decltype_incomplete_return_types
    Feature record: CXX_FEATURE:0cxx_default_function_template_args
    Feature record: CXX_FEATURE:0cxx_defaulted_functions
    Feature record: CXX_FEATURE:0cxx_defaulted_move_initializers
    Feature record: CXX_FEATURE:0cxx_delegating_constructors
    Feature record: CXX_FEATURE:0cxx_deleted_functions
    Feature record: CXX_FEATURE:0cxx_digit_separators
    Feature record: CXX_FEATURE:0cxx_enum_forward_declarations
    Feature record: CXX_FEATURE:0cxx_explicit_conversions
    Feature record: CXX_FEATURE:0cxx_extended_friend_declarations
    Feature record: CXX_FEATURE:0cxx_extern_templates
    Feature record: CXX_FEATURE:0cxx_final
    Feature record: CXX_FEATURE:0cxx_func_identifier
    Feature record: CXX_FEATURE:0cxx_generalized_initializers
    Feature record: CXX_FEATURE:0cxx_generic_lambdas
    Feature record: CXX_FEATURE:0cxx_inheriting_constructors
    Feature record: CXX_FEATURE:0cxx_inline_namespaces
    Feature record: CXX_FEATURE:0cxx_lambdas
    Feature record: CXX_FEATURE:0cxx_lambda_init_captures
    Feature record: CXX_FEATURE:0cxx_local_type_template_args
    Feature record: CXX_FEATURE:0cxx_long_long_type
    Feature record: CXX_FEATURE:0cxx_noexcept
    Feature record: CXX_FEATURE:0cxx_nonstatic_member_init
    Feature record: CXX_FEATURE:0cxx_nullptr
    Feature record: CXX_FEATURE:0cxx_override
    Feature record: CXX_FEATURE:0cxx_range_for
    Feature record: CXX_FEATURE:0cxx_raw_string_literals
    Feature record: CXX_FEATURE:0cxx_reference_qualified_functions
    Feature record: CXX_FEATURE:0cxx_relaxed_constexpr
    Feature record: CXX_FEATURE:0cxx_return_type_deduction
    Feature record: CXX_FEATURE:0cxx_right_angle_brackets
    Feature record: CXX_FEATURE:0cxx_rvalue_references
    Feature record: CXX_FEATURE:0cxx_sizeof_member
    Feature record: CXX_FEATURE:0cxx_static_assert
    Feature record: CXX_FEATURE:0cxx_strong_enums
    Feature record: CXX_FEATURE:1cxx_template_template_parameters
    Feature record: CXX_FEATURE:0cxx_thread_local
    Feature record: CXX_FEATURE:0cxx_trailing_return_types
    Feature record: CXX_FEATURE:0cxx_unicode_literals
    Feature record: CXX_FEATURE:0cxx_uniform_initialization
    Feature record: CXX_FEATURE:0cxx_unrestricted_unions
    Feature record: CXX_FEATURE:0cxx_user_literals
    Feature record: CXX_FEATURE:0cxx_variable_templates
    Feature record: CXX_FEATURE:0cxx_variadic_macros
    Feature record: CXX_FEATURE:0cxx_variadic_templates
